MPASM 5.82                      PROJECTT.ASM   3-21-2019  21:25:31         PAGE  1


LOC  OBJECT CODE     LINE SOURCE TEXT
  VALUE

                      00001 ;///////////////////////////////////////////////////////////////////////////////////////////////////////
                            ////////////
                      00002 ;/// CSYSORG/LBYCP1D
                      00003 ;/// CAPA-CARTA-GARAN-HIZON
                      00004 ;/// BARRIER TOLL SYSTEM
                      00005 ;///////////////////////////////////////////////////////////////////////////////////////////////////////
                            ////////////
                      00006  
                      00007 #INCLUDE<P18F4550.INC>
                      00001         LIST
                      00002 
                      00003 ;==========================================================================
                      00004 ; Build date : Sep 19 2018
                      00005 ;  MPASM PIC18F4550 processor include
                      00006 ; 
                      00007 ;  (c) Copyright 1999-2018 Microchip Technology, All rights reserved
                      00008 ;==========================================================================
                      00009 
                      01765         LIST
                      00008 
                      00009     CONFIG FOSC     = INTOSCIO_EC       ;Frequency of the Oscillator
                      00010     CONFIG CPUDIV   = OSC1_PLL2
                      00011     CONFIG PLLDIV   = 1                 ;PLL Division
                      00012     CONFIG PWRT     = OFF               ;Power-up Timer
                      00013     CONFIG BOR      = OFF               ;Programmable Brown-out Reset
                      00014     CONFIG WDT      = OFF               ;Watchdog Timer
                      00015     CONFIG MCLRE    = ON                ;Master Clear Reset
                      00016     CONFIG STVREN   = ON                ;StackFull/Underflow Reset
                      00017     CONFIG LVP      = OFF               ;Single-Supply Enable Bit
                      00018     CONFIG ICPRT    = OFF               ;In-Circuit Debug/Programming Port
                      00019     CONFIG XINST    = OFF               ;Extended Instruction Set Enable bit
                      00020     CONFIG DEBUG    = OFF
                      00021     CONFIG FCMEN    = OFF               ;Fail-Safe Clock Monitor Enabler
                      00022     CONFIG IESO     = OFF               ;Internal/External Oscillator Switchover bit
                      00023     CONFIG LPT1OSC  = OFF               ;Low-Power Timer1 Oscillator Enabler
                      00024     CONFIG CCP2MX   = ON                ;CCP2 MUX
                      00025     CONFIG PBADEN   = OFF               ;PORTB A/D Enable bit
                      00026     CONFIG USBDIV   = 2                 ;USB Clock Selection
                      00027     CONFIG VREGE N  = OFF               ;USB Internal Voltage Regulator Enable
                      00028  
                      00029     ;-------------VARIABLE DECLARION-------------
                      00030     ;//LCD
Warning[207]: Found label after column 1. (LCD_CTRL)
  00000F83            00031     LCD_CTRL    EQU PORTD  ; LCD CONTROL ON PORTC
Warning[207]: Found label after column 1. (LCD_DATA)
  00000F81            00032     LCD_DATA    EQU PORTB  ; LCD DATA TRANSMITION ON PORTD
Warning[207]: Found label after column 1. (RS)
  00000000            00033     RS          EQU RD0   
Warning[207]: Found label after column 1. (EN)
  00000001            00034     EN          EQU RD1
                      00035     
                      00036     ;--------------------------------------------
                      00037     
MPASM 5.82                      PROJECTT.ASM   3-21-2019  21:25:31         PAGE  2


LOC  OBJECT CODE     LINE SOURCE TEXT
  VALUE

Warning[205]: Found directive in column 1. (ORG)
                      00038 ORG 0x00 
000000 010F           00039     BANKSEL OSCCON
000002 0E0A           00040     MOVLW   B'00001010'
000004 6ED3           00041     MOVWF   OSCCON
000006 6A93           00042     CLRF    TRISB ; Configuration of PORT B as output (Data pins LCD)
000008 6A95           00043     CLRF    TRISD ; Configuration of PORT D as output (RD0-R/S, RD1-E)
                      00044  
00000A 0E07           00045     MOVLW   B'00000111'
                      00046  
00000C 6A81           00047     CLRF    PORTB ; Setting PORTB to "0000000"
00000E 6A83           00048     CLRF    PORTD ; Setting PORTD to "0000000"
                      00049  
000010                00050 INIT
000010 EC?? F???      00051     CALL    InitiateLCD
                      00052  
000014                00053 MAIN
000014 EC?? F???      00054     CALL    PRINTCHAR
000018 EC?? F???      00055     CALL    DELAY_5ms
00001C EC?? F???      00056     CALL    PRINTCHAR2
000020 EC?? F???      00057     CALL    DELAY_5ms
000024 EF?? F???      00058     GOTO    MAIN
                      00059  
000028                00060 InitiateLCD 
000028 9083           00061     BCF     LCD_CTRL,RS ; Setting RS as 0 (Sends commands to LCD)
00002A EC?? F???      00062     CALL    DELAY_5ms
                      00063  
00002E 0E01           00064     MOVLW   B'00000001' ; Clearing display H'1'
000030 6E81           00065     MOVWF   LCD_DATA 
000032 EC?? F???      00066     CALL    ENABLE
                      00067     ;CALL    DELAY_5ms
                      00068 
000036 0E38           00069     MOVLW   B'00111000' ; Funtion set H'38'
000038 6E81           00070     MOVWF   LCD_DATA 
00003A EC?? F???      00071     CALL    ENABLE
                      00072     ;CALL    DELAY_5ms
                      00073 
00003E 0E0F           00074     MOVLW   B'00001111' ; Display on off        H'0F'
000040 6E81           00075     MOVWF   LCD_DATA
000042 EC?? F???      00076     CALL    ENABLE
                      00077    ;CALL    DELAY_5ms
                      00078 
000046 0E06           00079     MOVLW   B'00000110' ; Entry mod set H'06'
000048 6E81           00080     MOVWF   LCD_DATA
00004A EC?? F???      00081     CALL    ENABLE
                      00082     ;CALL    DELAY_5ms 
                      00083     
00004E 0E0C           00084     MOVLW   H'0C' ; Display on, Cursor Off
000050 6E81           00085     MOVWF   LCD_DATA
000052 EC?? F???      00086     CALL    ENABLE
                      00087     ;CALL    DELAY_5ms 
                      00088     
000056 0E3C           00089     MOVLW   H'3C' ; ACTIVATE SECOND LINE
MPASM 5.82                      PROJECTT.ASM   3-21-2019  21:25:31         PAGE  3


LOC  OBJECT CODE     LINE SOURCE TEXT
  VALUE

000058 6E81           00090     MOVWF   LCD_DATA
00005A EC?? F???      00091     CALL    ENABLE
                      00092     ;CALL    DELAY_5ms 
                      00093     
                      00094  
00005E 0012           00095  RETURN
                      00096  
000060                00097 PRINTCHAR 
000060 EC?? F???      00098     CALL LCD_ClearScreen
                      00099 
000064 0E48           00100     MOVLW 'H' ; Print character "H"
000066 EC?? F???      00101     CALL LCD_Write   
00006A 0E65           00102     MOVLW 'e' ; Print character "e"
00006C EC?? F???      00103     CALL LCD_Write
000070 0E6C           00104     MOVLW 'l' ; Print character "l"
000072 EC?? F???      00105     CALL LCD_Write
000076 0E6C           00106     MOVLW 'l' ; Print character "l"
000078 EC?? F???      00107     CALL LCD_Write
00007C 0E6F           00108     MOVLW 'o' ; Print character "o"
00007E EC?? F???      00109     CALL LCD_Write
                      00110     
000082 0E20           00111     MOVLW d'32' ; Print caracter " "
000084 EC?? F???      00112     CALL LCD_Write
                      00113 
000088 0E44           00114     MOVLW 'D' ; Print caracter "W"
00008A EC?? F???      00115     CALL LCD_Write
00008E 0E61           00116     MOVLW 'a' ; Print character "o"
000090 EC?? F???      00117     CALL LCD_Write
000094 0E6E           00118     MOVLW 'n' ; Print character "r"
000096 EC?? F???      00119     CALL LCD_Write   
00009A 0E69           00120     MOVLW 'i' ; Print character "l"
00009C EC?? F???      00121     CALL LCD_Write   
0000A0 0E65           00122     MOVLW 'e' ; Print character "d"
0000A2 EC?? F???      00123     CALL LCD_Write    
0000A6 0E6C           00124     MOVLW 'l' ; Print character "d"
0000A8 EC?? F???      00125     CALL LCD_Write
0000AC 0E21           00126     MOVLW '!'
0000AE EC?? F???      00127     CALL LCD_Write
                      00128     
0000B2 EC?? F???      00129     CALL LCD_NewLine
                      00130    
0000B6 0E2D           00131     MOVLW '-'
0000B8 EC?? F???      00132     CALL LCD_Write
0000BC 0E49           00133     MOVLW 'I'
0000BE EC?? F???      00134     CALL LCD_Write
0000C2 0E76           00135     MOVLW 'v'
0000C4 EC?? F???      00136     CALL LCD_Write
0000C8 0E61           00137     MOVLW 'a'
0000CA EC?? F???      00138     CALL LCD_Write
0000CE 0E6E           00139     MOVLW 'n'
0000D0 EC?? F???      00140     CALL LCD_Write
                      00141    
0000D4 0012           00142     RETURN
MPASM 5.82                      PROJECTT.ASM   3-21-2019  21:25:31         PAGE  4


LOC  OBJECT CODE     LINE SOURCE TEXT
  VALUE

                      00143 
0000D6                00144 PRINTCHAR2
0000D6 EC?? F???      00145     CALL LCD_ClearScreen
0000DA 0E48           00146     MOVLW 'H'
0000DC EC?? F???      00147     CALL LCD_Write
0000E0 0E69           00148     MOVLW 'i'
0000E2 EC?? F???      00149     CALL LCD_Write
0000E6 0E20           00150     MOVLW ' '
0000E8 EC?? F???      00151     CALL LCD_Write
0000EC 0E6D           00152     MOVLW 'm'
0000EE EC?? F???      00153     CALL LCD_Write
0000F2 0E79           00154     MOVLW 'y'
0000F4 EC?? F???      00155     CALL LCD_Write
0000F8 0E20           00156     MOVLW ' '
0000FA EC?? F???      00157     CALL LCD_Write
0000FE 0E6C           00158     MOVLW 'l'
000100 EC?? F???      00159     CALL LCD_Write
000104 0E6F           00160     MOVLW 'o'
000106 EC?? F???      00161     CALL LCD_Write
00010A 0E76           00162     MOVLW 'v'
00010C EC?? F???      00163     CALL LCD_Write
000110 0E65           00164     MOVLW 'e'
000112 EC?? F???      00165     CALL LCD_Write
000116 0E73           00166     MOVLW 's'
000118 EC?? F???      00167     CALL LCD_Write
00011C 0E2C           00168     MOVLW ','
00011E EC?? F???      00169     CALL LCD_Write
                      00170     
000122 EC?? F???      00171     CALL LCD_NewLine
                      00172     
000126 0E54           00173     MOVLW 'T'
000128 EC?? F???      00174     CALL LCD_Write
00012C 0E41           00175     MOVLW 'A'
00012E EC?? F???      00176     CALL LCD_Write
000132 0E4D           00177     MOVLW 'M'
000134 EC?? F???      00178     CALL LCD_Write
000138 0E4D           00179     MOVLW 'M'
00013A EC?? F???      00180     CALL LCD_Write
00013E 0E59           00181     MOVLW 'Y'
000140 EC?? F???      00182     CALL LCD_Write
000144 0E20           00183     MOVLW ' '
000146 EC?? F???      00184     CALL LCD_Write
00014A 0E26           00185     MOVLW '&'
00014C EC?? F???      00186     CALL LCD_Write
000150 0E20           00187     MOVLW ' '
000152 EC?? F???      00188     CALL LCD_Write
000156 0E44           00189     MOVLW 'D'
000158 EC?? F???      00190     CALL LCD_Write
00015C 0E41           00191     MOVLW 'A'
00015E EC?? F???      00192     CALL LCD_Write
000162 0E4E           00193     MOVLW 'N'
000164 EC?? F???      00194     CALL LCD_Write
000168 0E45           00195     MOVLW 'E'
MPASM 5.82                      PROJECTT.ASM   3-21-2019  21:25:31         PAGE  5


LOC  OBJECT CODE     LINE SOURCE TEXT
  VALUE

00016A EC?? F???      00196     CALL LCD_Write
00016E 0012           00197     RETURN
                      00198     
000170                00199 LCD_Write
000170 8083           00200     BSF     LCD_CTRL,RS
000172 6E81           00201     MOVWF   LCD_DATA
000174 EC?? F???      00202     CALL    ENABLE
000178 0012           00203     RETURN
                      00204     
00017A                00205 LCD_NewLine
00017A 9083           00206     BCF     LCD_CTRL,RS
00017C 0EC0           00207     MOVLW   H'C0' ; Force to Second Row Position 1
00017E 6E81           00208     MOVWF   LCD_DATA
000180 EC?? F???      00209     CALL    ENABLE
000184 0012           00210     RETURN
                      00211     
000186                00212 LCD_ClearScreen
000186 9083           00213     BCF     LCD_CTRL,RS
000188 0E01           00214     MOVLW   H'01' ; Clearing display H'1'
00018A 6E81           00215     MOVWF   LCD_DATA 
00018C EC?? F???      00216     CALL    ENABLE
                      00217     
000190 0E02           00218     MOVLW   b'00000010' ; Set cursor home
000192 6E81           00219     MOVWF   LCD_DATA 
000194 EC?? F???      00220     CALL    ENABLE
000198 0012           00221     RETURN
                      00222     
00019A                00223 ENABLE 
00019A 8283           00224     BSF     LCD_CTRL,EN ; E pin is high, (LCD is processing the incoming data)
00019C 0000           00225     NOP
00019E 9283           00226     BCF     LCD_CTRL,EN ; E pin is low, (LCD does not care what is happening)
0001A0 0012           00227     RETURN
                      00228  
0001A2                00229 DELAY_5ms 
0001A2 0E05           00230     MOVLW   .5 ; Delay of 5 ms
0001A4 6ED6           00231     MOVWF   TMR0
                      00232  
0001A6                00233 LOOP 
0001A6 A4F2           00234     BTFSS   INTCON,2
0001A8 EF?? F???      00235     GOTO    LOOP
0001AC 94F2           00236     BCF     INTCON,2
0001AE 0012           00237     RETURN
                      00238  
                      00239 ;///////////////////////////////////////////////////////////////////////////////////////////////////////
                            ///////////
                      00240 
Warning[205]: Found directive in column 1. (END)
                      00241 END
MPASM 5.82                      PROJECTT.ASM   3-21-2019  21:25:31         PAGE  6


SYMBOL TABLE
  LABEL                             VALUE 

A                                 00000000
ABDEN                             00000000
ABDOVF                            00000007
ACCESS                            00000000
ACKDT                             00000005
ACKEN                             00000004
ACKSTAT                           00000006
ACQT0                             00000003
ACQT1                             00000004
ACQT2                             00000005
ACTVIE                            00000002
ACTVIF                            00000002
ADCON0                            00000FC2
ADCON1                            00000FC1
ADCON2                            00000FC0
ADCS0                             00000000
ADCS1                             00000001
ADCS2                             00000002
ADDEN                             00000003
ADDR0                             00000000
ADDR1                             00000001
ADDR2                             00000002
ADDR3                             00000003
ADDR4                             00000004
ADDR5                             00000005
ADDR6                             00000006
ADEN                              00000003
ADFM                              00000007
ADIE                              00000006
ADIF                              00000006
ADIP                              00000006
ADON                              00000000
ADRES                             00000FC3
ADRESH                            00000FC4
ADRESL                            00000FC3
AN0                               00000000
AN1                               00000001
AN2                               00000002
AN3                               00000003
AN4                               00000005
BANKED                            00000001
BAUDCON                           00000FB8
BAUDCTL                           00000FB8
BCLIE                             00000003
BCLIF                             00000003
BCLIP                             00000003
BF                                00000000
BGST                              00000005
BOR                               00000000
BRG16                             00000003
BRGH                              00000002
BSR                               00000FE0
BTOEE                             00000004
MPASM 5.82                      PROJECTT.ASM   3-21-2019  21:25:31         PAGE  7


SYMBOL TABLE
  LABEL                             VALUE 

BTOEF                             00000004
BTSEE                             00000007
BTSEF                             00000007
C                                 00000000
C1INV                             00000004
C1OUT                             00000006
C2INV                             00000005
C2OUT                             00000007
CCP1                              00000002
CCP1AS                            00000FB6
CCP1CON                           00000FBD
CCP1DEL                           00000FB7
CCP1IE                            00000002
CCP1IF                            00000002
CCP1IP                            00000002
CCP1M0                            00000000
CCP1M1                            00000001
CCP1M2                            00000002
CCP1M3                            00000003
CCP2CON                           00000FBA
CCP2IE                            00000000
CCP2IF                            00000000
CCP2IP                            00000000
CCP2M0                            00000000
CCP2M1                            00000001
CCP2M2                            00000002
CCP2M3                            00000003
CCPR1                             00000FBE
CCPR1H                            00000FBF
CCPR1L                            00000FBE
CCPR2                             00000FBB
CCPR2H                            00000FBC
CCPR2L                            00000FBB
CFGS                              00000006
CHS0                              00000002
CHS1                              00000003
CHS2                              00000004
CHS3                              00000005
CIS                               00000003
CK                                00000006
CK1SPP                            00000000
CK2SPP                            00000001
CKE                               00000006
CKP                               00000004
CLK1EN                            00000004
CLKCFG0                           00000006
CLKCFG1                           00000007
CM0                               00000000
CM1                               00000001
CM2                               00000002
CMCON                             00000FB4
CMIE                              00000006
CMIF                              00000006
MPASM 5.82                      PROJECTT.ASM   3-21-2019  21:25:31         PAGE  8


SYMBOL TABLE
  LABEL                             VALUE 

CMIP                              00000006
CRC16EE                           00000002
CRC16EF                           00000002
CRC5EE                            00000001
CRC5EF                            00000001
CREN                              00000004
CSEN                              00000005
CSRC                              00000007
CVR0                              00000000
CVR1                              00000001
CVR2                              00000002
CVR3                              00000003
CVRCON                            00000FB5
CVREF                             00000004
CVREN                             00000007
CVROE                             00000006
CVRR                              00000005
CVRSS                             00000004
D                                 00000005
DATA_ADDRESS                      00000005
DC                                00000001
DC1B0                             00000004
DC1B1                             00000005
DC2B0                             00000004
DC2B1                             00000005
DDRA                              TRISA
DDRB                              TRISB
DDRC                              TRISC
DDRD                              TRISD
DDRE                              TRISE
DELAY_5ms                         000001A2
DFN8EE                            00000003
DFN8EF                            00000003
DIR                               00000002
DONE                              00000001
D_A                               00000005
D_NOT_A                           00000005
ECCP1AS                           00000FB6
ECCP1CON                          00000FBD
ECCP1DEL                          00000FB7
ECCPAS0                           00000004
ECCPAS1                           00000005
ECCPAS2                           00000006
ECCPASE                           00000007
EEADR                             00000FA9
EECON1                            00000FA6
EECON2                            00000FA7
EEDATA                            00000FA8
EEIE                              00000004
EEIF                              00000004
EEIP                              00000004
EEPGD                             00000007
EN                                00000001
MPASM 5.82                      PROJECTT.ASM   3-21-2019  21:25:31         PAGE  9


SYMBOL TABLE
  LABEL                             VALUE 

ENABLE                            0000019A
ENDP0                             00000003
ENDP1                             00000004
ENDP2                             00000005
ENDP3                             00000006
EPCONDIS                          00000003
EPHSHK                            00000004
EPINEN                            00000001
EPOUTEN                           00000002
EPSTALL                           00000000
FAST                              00000001
FERR                              00000002
FLTS                              00000002
FREE                              00000004
FRM0                              00000000
FRM1                              00000001
FRM10                             00000002
FRM2                              00000002
FRM3                              00000003
FRM4                              00000004
FRM5                              00000005
FRM6                              00000006
FRM7                              00000007
FRM8                              00000000
FRM9                              00000001
FSEN                              00000002
FSR0                              00000000
FSR0H                             00000FEA
FSR0L                             00000FE9
FSR1                              00000001
FSR1H                             00000FE2
FSR1L                             00000FE1
FSR2                              00000002
FSR2H                             00000FDA
FSR2L                             00000FD9
GCEN                              00000007
GIE                               00000007
GIEH                              00000007
GIEL                              00000006
GIE_GIEH                          00000007
GO                                00000001
GO_DONE                           00000001
GO_NOT_DONE                       00000001
HLVDCON                           00000FD2
HLVDEN                            00000004
HLVDIE                            00000002
HLVDIF                            00000002
HLVDIN                            00000005
HLVDIP                            00000002
HLVDL0                            00000000
HLVDL1                            00000001
HLVDL2                            00000002
HLVDL3                            00000003
MPASM 5.82                      PROJECTT.ASM   3-21-2019  21:25:31         PAGE 10


SYMBOL TABLE
  LABEL                             VALUE 

I2C_DAT                           00000005
I2C_READ                          00000002
I2C_START                         00000003
I2C_STOP                          00000004
IDLEIE                            00000004
IDLEIF                            00000004
IDLEN                             00000007
INDF0                             00000FEF
INDF1                             00000FE7
INDF2                             00000FDF
INIT                              00000010
INT0                              00000000
INT0E                             00000004
INT0F                             00000001
INT0IE                            00000004
INT0IF                            00000001
INT1                              00000001
INT1E                             00000003
INT1F                             00000000
INT1IE                            00000003
INT1IF                            00000000
INT1IP                            00000006
INT1P                             00000006
INT2                              00000002
INT2E                             00000004
INT2F                             00000001
INT2IE                            00000004
INT2IF                            00000001
INT2IP                            00000007
INT2P                             00000007
INTCON                            00000FF2
INTCON2                           00000FF1
INTCON3                           00000FF0
INTEDG0                           00000006
INTEDG1                           00000005
INTEDG2                           00000004
INTSRC                            00000007
IOFS                              00000002
IPEN                              00000007
IPR1                              00000F9F
IPR2                              00000FA2
IRCF0                             00000004
IRCF1                             00000005
IRCF2                             00000006
IRVST                             00000005
IVRST                             00000005
InitiateLCD                       00000028
LATA                              00000F89
LATA0                             00000000
LATA1                             00000001
LATA2                             00000002
LATA3                             00000003
LATA4                             00000004
MPASM 5.82                      PROJECTT.ASM   3-21-2019  21:25:31         PAGE 11


SYMBOL TABLE
  LABEL                             VALUE 

LATA5                             00000005
LATA6                             00000006
LATB                              00000F8A
LATB0                             00000000
LATB1                             00000001
LATB2                             00000002
LATB3                             00000003
LATB4                             00000004
LATB5                             00000005
LATB6                             00000006
LATB7                             00000007
LATC                              00000F8B
LATC0                             00000000
LATC1                             00000001
LATC2                             00000002
LATC6                             00000006
LATC7                             00000007
LATD                              00000F8C
LATD0                             00000000
LATD1                             00000001
LATD2                             00000002
LATD3                             00000003
LATD4                             00000004
LATD5                             00000005
LATD6                             00000006
LATD7                             00000007
LATE                              00000F8D
LATE0                             00000000
LATE1                             00000001
LATE2                             00000002
LCD_CTRL                          00000F83
LCD_ClearScreen                   00000186
LCD_DATA                          00000F81
LCD_NewLine                       0000017A
LCD_Write                         00000170
LOOP                              000001A6
LVDCON                            00000FD2
LVDEN                             00000004
LVDIE                             00000002
LVDIF                             00000002
LVDIN                             00000005
LVDIP                             00000002
LVDL0                             00000000
LVDL1                             00000001
LVDL2                             00000002
LVDL3                             00000003
LVV0                              00000000
LVV1                              00000001
LVV2                              00000002
LVV3                              00000003
MAIN                              00000014
N                                 00000004
NOT_A                             00000005
MPASM 5.82                      PROJECTT.ASM   3-21-2019  21:25:31         PAGE 12


SYMBOL TABLE
  LABEL                             VALUE 

NOT_ADDRESS                       00000005
NOT_BOR                           00000000
NOT_DONE                          00000001
NOT_IPEN                          00000007
NOT_PD                            00000002
NOT_POR                           00000001
NOT_RBPU                          00000007
NOT_RI                            00000004
NOT_T1SYNC                        00000002
NOT_T3SYNC                        00000002
NOT_TO                            00000003
NOT_W                             00000002
NOT_WRITE                         00000002
OERR                              00000001
OESPP                             00000002
OSC2                              00000006
OSCCON                            00000FD3
OSCFIE                            00000007
OSCFIF                            00000007
OSCFIP                            00000007
OSCTUNE                           00000F9B
OSTS                              00000003
OV                                00000003
P                                 00000004
P1A                               00000002
P1M0                              00000006
P1M1                              00000007
PC                                00000FF9
PCFG0                             00000000
PCFG1                             00000001
PCFG2                             00000002
PCFG3                             00000003
PCL                               00000FF9
PCLATH                            00000FFA
PCLATU                            00000FFB
PD                                00000002
PDC0                              00000000
PDC1                              00000001
PDC2                              00000002
PDC3                              00000003
PDC4                              00000004
PDC5                              00000005
PDC6                              00000006
PEIE                              00000006
PEIE_GIEL                         00000006
PEN                               00000002
PGC                               00000006
PGD                               00000007
PGM                               00000005
PIDEE                             00000000
PIDEF                             00000000
PIE1                              00000F9D
PIE2                              00000FA0
MPASM 5.82                      PROJECTT.ASM   3-21-2019  21:25:31         PAGE 13


SYMBOL TABLE
  LABEL                             VALUE 

PIR1                              00000F9E
PIR2                              00000FA1
PKTDIS                            00000004
PLUSW0                            00000FEB
PLUSW1                            00000FE3
PLUSW2                            00000FDB
POR                               00000001
PORTA                             00000F80
PORTB                             00000F81
PORTC                             00000F82
PORTD                             00000F83
PORTE                             00000F84
POSTDEC0                          00000FED
POSTDEC1                          00000FE5
POSTDEC2                          00000FDD
POSTINC0                          00000FEE
POSTINC1                          00000FE6
POSTINC2                          00000FDE
PPB0                              00000000
PPB1                              00000001
PPBI                              00000001
PPBRST                            00000006
PR2                               00000FCB
PREINC0                           00000FEC
PREINC1                           00000FE4
PREINC2                           00000FDC
PRINTCHAR                         00000060
PRINTCHAR2                        000000D6
PROD                              00000FF3
PRODH                             00000FF4
PRODL                             00000FF3
PRSEN                             00000007
PSA                               00000003
PSSAC0                            00000002
PSSAC1                            00000003
PSSBD0                            00000000
PSSBD1                            00000001
R                                 00000002
RA0                               00000000
RA1                               00000001
RA2                               00000002
RA3                               00000003
RA4                               00000004
RA5                               00000005
RA6                               00000006
RB0                               00000000
RB1                               00000001
RB2                               00000002
RB3                               00000003
RB4                               00000004
RB5                               00000005
RB6                               00000006
RB7                               00000007
MPASM 5.82                      PROJECTT.ASM   3-21-2019  21:25:31         PAGE 14


SYMBOL TABLE
  LABEL                             VALUE 

RBIE                              00000003
RBIF                              00000000
RBIP                              00000000
RBPU                              00000007
RC0                               00000000
RC1                               00000001
RC2                               00000002
RC4                               00000004
RC5                               00000005
RC6                               00000006
RC7                               00000007
RCEN                              00000003
RCIDL                             00000006
RCIE                              00000005
RCIF                              00000005
RCIP                              00000005
RCMT                              00000006
RCON                              00000FD0
RCREG                             00000FAE
RCSTA                             00000FAB
RD                                00000000
RD0                               00000000
RD1                               00000001
RD16                              00000007
RD2                               00000002
RD3                               00000003
RD4                               00000004
RD5                               00000005
RD6                               00000006
RD7                               00000007
RDPU                              00000007
RDSPP                             00000007
RE0                               00000000
RE1                               00000001
RE2                               00000002
RE3                               00000003
READ_WRITE                        00000002
RESUME                            00000002
RI                                00000004
RS                                00000000
RSEN                              00000001
RX                                00000007
RX9                               00000006
RX9D                              00000000
RXDTP                             00000005
R_NOT_W                           00000002
R_W                               00000002
S                                 00000003
SBOREN                            00000006
SCKP                              00000004
SCS0                              00000000
SCS1                              00000001
SE0                               00000005
MPASM 5.82                      PROJECTT.ASM   3-21-2019  21:25:31         PAGE 15


SYMBOL TABLE
  LABEL                             VALUE 

SEN                               00000000
SENDB                             00000003
SMP                               00000007
SOFIE                             00000006
SOFIF                             00000006
SPBRG                             00000FAF
SPBRGH                            00000FB0
SPEN                              00000007
SPP0                              00000000
SPP1                              00000001
SPP2                              00000002
SPP3                              00000003
SPP4                              00000004
SPP5                              00000005
SPP6                              00000006
SPP7                              00000007
SPPBUSY                           00000004
SPPCFG                            00000F63
SPPCON                            00000F65
SPPDATA                           00000F62
SPPEN                             00000000
SPPEPS                            00000F64
SPPIE                             00000007
SPPIF                             00000007
SPPIP                             00000007
SPPOWN                            00000001
SREN                              00000005
SSPADD                            00000FC8
SSPBUF                            00000FC9
SSPCON1                           00000FC6
SSPCON2                           00000FC5
SSPEN                             00000005
SSPIE                             00000003
SSPIF                             00000003
SSPIP                             00000003
SSPM0                             00000000
SSPM1                             00000001
SSPM2                             00000002
SSPM3                             00000003
SSPOV                             00000006
SSPSTAT                           00000FC7
STALLIE                           00000005
STALLIF                           00000005
STATUS                            00000FD8
STKFUL                            00000007
STKOVF                            00000007
STKPTR                            00000FFC
STKPTR0                           00000000
STKPTR1                           00000001
STKPTR2                           00000002
STKPTR3                           00000003
STKPTR4                           00000004
STKUNF                            00000006
MPASM 5.82                      PROJECTT.ASM   3-21-2019  21:25:31         PAGE 16


SYMBOL TABLE
  LABEL                             VALUE 

SUSPND                            00000001
SWDTE                             00000000
SWDTEN                            00000000
SYNC                              00000004
T08BIT                            00000006
T0CKI                             00000004
T0CON                             00000FD5
T0CS                              00000005
T0IE                              00000005
T0IF                              00000002
T0IP                              00000002
T0PS0                             00000000
T0PS1                             00000001
T0PS2                             00000002
T0SE                              00000004
T13CKI                            00000000
T1CKPS0                           00000004
T1CKPS1                           00000005
T1CON                             00000FCD
T1OSCEN                           00000003
T1OSI                             00000001
T1OSO                             00000000
T1RUN                             00000006
T1SYNC                            00000002
T2CKPS0                           00000000
T2CKPS1                           00000001
T2CON                             00000FCA
T2OUTPS0                          00000003
T2OUTPS1                          00000004
T2OUTPS2                          00000005
T2OUTPS3                          00000006
T3CCP1                            00000003
T3CCP2                            00000006
T3CKPS0                           00000004
T3CKPS1                           00000005
T3CON                             00000FB1
T3NSYNC                           00000002
T3SYNC                            00000002
TABLAT                            00000FF5
TBLPTR                            00000FF6
TBLPTRH                           00000FF7
TBLPTRL                           00000FF6
TBLPTRU                           00000FF8
TMR0                              00000FD6
TMR0H                             00000FD7
TMR0IE                            00000005
TMR0IF                            00000002
TMR0IP                            00000002
TMR0L                             00000FD6
TMR0ON                            00000007
TMR1                              00000FCE
TMR1CS                            00000001
TMR1H                             00000FCF
MPASM 5.82                      PROJECTT.ASM   3-21-2019  21:25:31         PAGE 17


SYMBOL TABLE
  LABEL                             VALUE 

TMR1IE                            00000000
TMR1IF                            00000000
TMR1IP                            00000000
TMR1L                             00000FCE
TMR1ON                            00000000
TMR2                              00000FCC
TMR2IE                            00000001
TMR2IF                            00000001
TMR2IP                            00000001
TMR2ON                            00000002
TMR3                              00000FB2
TMR3CS                            00000001
TMR3H                             00000FB3
TMR3IE                            00000001
TMR3IF                            00000001
TMR3IP                            00000001
TMR3L                             00000FB2
TMR3ON                            00000000
TO                                00000003
TOS                               00000FFD
TOSH                              00000FFE
TOSL                              00000FFD
TOSU                              00000FFF
TOUTPS0                           00000003
TOUTPS1                           00000004
TOUTPS2                           00000005
TOUTPS3                           00000006
TRISA                             00000F92
TRISA0                            00000000
TRISA1                            00000001
TRISA2                            00000002
TRISA3                            00000003
TRISA4                            00000004
TRISA5                            00000005
TRISA6                            00000006
TRISB                             00000F93
TRISB0                            00000000
TRISB1                            00000001
TRISB2                            00000002
TRISB3                            00000003
TRISB4                            00000004
TRISB5                            00000005
TRISB6                            00000006
TRISB7                            00000007
TRISC                             00000F94
TRISC0                            00000000
TRISC1                            00000001
TRISC2                            00000002
TRISC6                            00000006
TRISC7                            00000007
TRISD                             00000F95
TRISD0                            00000000
TRISD1                            00000001
MPASM 5.82                      PROJECTT.ASM   3-21-2019  21:25:31         PAGE 18


SYMBOL TABLE
  LABEL                             VALUE 

TRISD2                            00000002
TRISD3                            00000003
TRISD4                            00000004
TRISD5                            00000005
TRISD6                            00000006
TRISD7                            00000007
TRISE                             00000F96
TRISE0                            00000000
TRISE1                            00000001
TRISE2                            00000002
TRMT                              00000001
TRNIE                             00000003
TRNIF                             00000003
TUN0                              00000000
TUN1                              00000001
TUN2                              00000002
TUN3                              00000003
TUN4                              00000004
TX                                00000006
TX9                               00000006
TX9D                              00000000
TXCKP                             00000004
TXEN                              00000005
TXIE                              00000004
TXIF                              00000004
TXIP                              00000004
TXREG                             00000FAD
TXSTA                             00000FAC
UA                                00000001
UADDR                             00000F6E
UCFG                              00000F6F
UCON                              00000F6D
UEIE                              00000F6B
UEIR                              00000F6A
UEP0                              00000F70
UEP1                              00000F71
UEP10                             00000F7A
UEP11                             00000F7B
UEP12                             00000F7C
UEP13                             00000F7D
UEP14                             00000F7E
UEP15                             00000F7F
UEP2                              00000F72
UEP3                              00000F73
UEP4                              00000F74
UEP5                              00000F75
UEP6                              00000F76
UEP7                              00000F77
UEP8                              00000F78
UEP9                              00000F79
UERRIE                            00000001
UERRIF                            00000001
UFRM                              00000F66
MPASM 5.82                      PROJECTT.ASM   3-21-2019  21:25:31         PAGE 19


SYMBOL TABLE
  LABEL                             VALUE 

UFRMH                             00000F67
UFRML                             00000F66
UIE                               00000F69
UIR                               00000F68
UOEMON                            00000006
UPUEN                             00000004
URSTIE                            00000000
URSTIF                            00000000
USBEN                             00000003
USBIE                             00000005
USBIF                             00000005
USBIP                             00000005
USTAT                             00000F6C
UTEYE                             00000007
UTRDIS                            00000003
VCFG0                             00000004
VCFG1                             00000005
VDIRMAG                           00000007
VREFM                             00000002
VREFP                             00000003
W                                 00000000
WCOL                              00000007
WDTCON                            00000FD1
WR                                00000001
WREG                              00000FE8
WREN                              00000002
WRERR                             00000003
WRSPP                             00000006
WS0                               00000000
WS1                               00000001
WS2                               00000002
WS3                               00000003
WUE                               00000001
Z                                 00000002
_BORV_0_2L                        000000E7
_BORV_1_2L                        000000EF
_BORV_2_2L                        000000F7
_BORV_3_2L                        000000FF
_BOR_OFF_2L                       000000F9
_BOR_ON_2L                        000000FF
_BOR_ON_ACTIVE_2L                 000000FD
_BOR_SOFT_2L                      000000FB
_CCP2MX_OFF_3H                    000000FE
_CCP2MX_ON_3H                     000000FF
_CONFIG1H                         00300001
_CONFIG1L                         00300000
_CONFIG2H                         00300003
_CONFIG2L                         00300002
_CONFIG3H                         00300005
_CONFIG4L                         00300006
_CONFIG5H                         00300009
_CONFIG5L                         00300008
_CONFIG6H                         0030000B
MPASM 5.82                      PROJECTT.ASM   3-21-2019  21:25:31         PAGE 20


SYMBOL TABLE
  LABEL                             VALUE 

_CONFIG6L                         0030000A
_CONFIG7H                         0030000D
_CONFIG7L                         0030000C
_CP0_OFF_5L                       000000FF
_CP0_ON_5L                        000000FE
_CP1_OFF_5L                       000000FF
_CP1_ON_5L                        000000FD
_CP2_OFF_5L                       000000FF
_CP2_ON_5L                        000000FB
_CP3_OFF_5L                       000000FF
_CP3_ON_5L                        000000F7
_CPB_OFF_5H                       000000FF
_CPB_ON_5H                        000000BF
_CPD_OFF_5H                       000000FF
_CPD_ON_5H                        0000007F
_CPUDIV_OSC1_PLL2_1L              000000E7
_CPUDIV_OSC2_PLL3_1L              000000EF
_CPUDIV_OSC3_PLL4_1L              000000F7
_CPUDIV_OSC4_PLL6_1L              000000FF
_DEBUG_OFF_4L                     000000FF
_DEBUG_ON_4L                      0000007F
_DEVID1                           003FFFFE
_DEVID2                           003FFFFF
_EBTR0_OFF_7L                     000000FF
_EBTR0_ON_7L                      000000FE
_EBTR1_OFF_7L                     000000FF
_EBTR1_ON_7L                      000000FD
_EBTR2_OFF_7L                     000000FF
_EBTR2_ON_7L                      000000FB
_EBTR3_OFF_7L                     000000FF
_EBTR3_ON_7L                      000000F7
_EBTRB_OFF_7H                     000000FF
_EBTRB_ON_7H                      000000BF
_FCMEN_OFF_1H                     000000BF
_FCMEN_ON_1H                      000000FF
_FOSC_ECIO_EC_1H                  000000F4
_FOSC_ECPLLIO_EC_1H               000000F6
_FOSC_ECPLL_EC_1H                 000000F7
_FOSC_EC_EC_1H                    000000F5
_FOSC_HSPLL_HS_1H                 000000FE
_FOSC_HS_1H                       000000FC
_FOSC_INTOSCIO_EC_1H              000000F8
_FOSC_INTOSC_EC_1H                000000F9
_FOSC_INTOSC_HS_1H                000000FB
_FOSC_INTOSC_XT_1H                000000FA
_FOSC_XTPLL_XT_1H                 000000F2
_FOSC_XT_XT_1H                    000000F0
_ICPRT_OFF_4L                     000000DF
_ICPRT_ON_4L                      000000FF
_IDLOC0                           00200000
_IDLOC1                           00200001
_IDLOC2                           00200002
_IDLOC3                           00200003
MPASM 5.82                      PROJECTT.ASM   3-21-2019  21:25:31         PAGE 21


SYMBOL TABLE
  LABEL                             VALUE 

_IDLOC4                           00200004
_IDLOC5                           00200005
_IDLOC6                           00200006
_IDLOC7                           00200007
_IESO_OFF_1H                      0000007F
_IESO_ON_1H                       000000FF
_LPT1OSC_OFF_3H                   000000FB
_LPT1OSC_ON_3H                    000000FF
_LVP_OFF_4L                       000000FB
_LVP_ON_4L                        000000FF
_MCLRE_OFF_3H                     0000007F
_MCLRE_ON_3H                      000000FF
_PBADEN_OFF_3H                    000000FD
_PBADEN_ON_3H                     000000FF
_PLLDIV_10_1L                     000000FE
_PLLDIV_12_1L                     000000FF
_PLLDIV_1_1L                      000000F8
_PLLDIV_2_1L                      000000F9
_PLLDIV_3_1L                      000000FA
_PLLDIV_4_1L                      000000FB
_PLLDIV_5_1L                      000000FC
_PLLDIV_6_1L                      000000FD
_PWRT_OFF_2L                      000000FF
_PWRT_ON_2L                       000000FE
_STVREN_OFF_4L                    000000FE
_STVREN_ON_4L                     000000FF
_USBDIV_1_1L                      000000DF
_USBDIV_2_1L                      000000FF
_VREGEN_OFF_2L                    000000DF
_VREGEN_ON_2L                     000000FF
_WDTPS_1024_2H                    000000F5
_WDTPS_128_2H                     000000EF
_WDTPS_16384_2H                   000000FD
_WDTPS_16_2H                      000000E9
_WDTPS_1_2H                       000000E1
_WDTPS_2048_2H                    000000F7
_WDTPS_256_2H                     000000F1
_WDTPS_2_2H                       000000E3
_WDTPS_32768_2H                   000000FF
_WDTPS_32_2H                      000000EB
_WDTPS_4096_2H                    000000F9
_WDTPS_4_2H                       000000E5
_WDTPS_512_2H                     000000F3
_WDTPS_64_2H                      000000ED
_WDTPS_8192_2H                    000000FB
_WDTPS_8_2H                       000000E7
_WDT_OFF_2H                       000000FE
_WDT_ON_2H                        000000FF
_WRT0_OFF_6L                      000000FF
_WRT0_ON_6L                       000000FE
_WRT1_OFF_6L                      000000FF
_WRT1_ON_6L                       000000FD
_WRT2_OFF_6L                      000000FF
MPASM 5.82                      PROJECTT.ASM   3-21-2019  21:25:31         PAGE 22


SYMBOL TABLE
  LABEL                             VALUE 

_WRT2_ON_6L                       000000FB
_WRT3_OFF_6L                      000000FF
_WRT3_ON_6L                       000000F7
_WRTB_OFF_6H                      000000FF
_WRTB_ON_6H                       000000BF
_WRTC_OFF_6H                      000000FF
_WRTC_ON_6H                       000000DF
_WRTD_OFF_6H                      000000FF
_WRTD_ON_6H                       0000007F
_XINST_OFF_4L                     000000BF
_XINST_ON_4L                      000000FF
__18F4550                         00000001

Errors   :     0
Warnings :     6 reported,     0 suppressed
Messages :     0 reported,     0 suppressed

